<?xml version="1.0" encoding="UTF-8"?>
<testsuite xmlns:xsi="http://www.w3.org/2001/XMLSchema-instance" xsi:noNamespaceSchemaLocation="https://maven.apache.org/surefire/maven-surefire-plugin/xsd/surefire-test-report-3.0.xsd" version="3.0" name="ru.spbstu.telematics.java.MainTest" time="34.928" tests="3" errors="0" skipped="0" failures="0">
  <properties>
    <property name="java.specification.version" value="21"/>
    <property name="sun.jnu.encoding" value="UTF-8"/>
    <property name="java.class.path" value="/Users/kseniasklarova/lab3j/target/test-classes:/Users/kseniasklarova/lab3j/target/classes:/Users/kseniasklarova/.m2/repository/junit/junit/4.12/junit-4.12.jar:/Users/kseniasklarova/.m2/repository/org/hamcrest/hamcrest-core/1.3/hamcrest-core-1.3.jar:/Users/kseniasklarova/.m2/repository/org/junit/jupiter/junit-jupiter-engine/5.9.1/junit-jupiter-engine-5.9.1.jar:/Users/kseniasklarova/.m2/repository/org/junit/platform/junit-platform-engine/1.9.1/junit-platform-engine-1.9.1.jar:/Users/kseniasklarova/.m2/repository/org/opentest4j/opentest4j/1.2.0/opentest4j-1.2.0.jar:/Users/kseniasklarova/.m2/repository/org/junit/platform/junit-platform-commons/1.9.1/junit-platform-commons-1.9.1.jar:/Users/kseniasklarova/.m2/repository/org/junit/jupiter/junit-jupiter-api/5.9.1/junit-jupiter-api-5.9.1.jar:/Users/kseniasklarova/.m2/repository/org/apiguardian/apiguardian-api/1.1.2/apiguardian-api-1.1.2.jar:/Users/kseniasklarova/.m2/repository/org/apache/commons/commons-collections4/4.4/commons-collections4-4.4.jar:"/>
    <property name="java.vm.vendor" value="Oracle Corporation"/>
    <property name="sun.arch.data.model" value="64"/>
    <property name="java.vendor.url" value="https://java.oracle.com/"/>
    <property name="os.name" value="Mac OS X"/>
    <property name="java.vm.specification.version" value="21"/>
    <property name="sun.java.launcher" value="SUN_STANDARD"/>
    <property name="user.country" value="RU"/>
    <property name="sun.boot.library.path" value="/Users/kseniasklarova/jdk-21.0.1.jdk/Contents/Home/lib"/>
    <property name="sun.java.command" value="/Users/kseniasklarova/lab3j/target/surefire/surefirebooter-20250102175424756_3.jar /Users/kseniasklarova/lab3j/target/surefire 2025-01-02T17-54-24_705-jvmRun1 surefire-20250102175424756_1tmp surefire_0-20250102175424756_2tmp"/>
    <property name="http.nonProxyHosts" value="local|*.local|169.254/16|*.169.254/16"/>
    <property name="jdk.debug" value="release"/>
    <property name="surefire.test.class.path" value="/Users/kseniasklarova/lab3j/target/test-classes:/Users/kseniasklarova/lab3j/target/classes:/Users/kseniasklarova/.m2/repository/junit/junit/4.12/junit-4.12.jar:/Users/kseniasklarova/.m2/repository/org/hamcrest/hamcrest-core/1.3/hamcrest-core-1.3.jar:/Users/kseniasklarova/.m2/repository/org/junit/jupiter/junit-jupiter-engine/5.9.1/junit-jupiter-engine-5.9.1.jar:/Users/kseniasklarova/.m2/repository/org/junit/platform/junit-platform-engine/1.9.1/junit-platform-engine-1.9.1.jar:/Users/kseniasklarova/.m2/repository/org/opentest4j/opentest4j/1.2.0/opentest4j-1.2.0.jar:/Users/kseniasklarova/.m2/repository/org/junit/platform/junit-platform-commons/1.9.1/junit-platform-commons-1.9.1.jar:/Users/kseniasklarova/.m2/repository/org/junit/jupiter/junit-jupiter-api/5.9.1/junit-jupiter-api-5.9.1.jar:/Users/kseniasklarova/.m2/repository/org/apiguardian/apiguardian-api/1.1.2/apiguardian-api-1.1.2.jar:/Users/kseniasklarova/.m2/repository/org/apache/commons/commons-collections4/4.4/commons-collections4-4.4.jar:"/>
    <property name="sun.cpu.endian" value="little"/>
    <property name="user.home" value="/Users/kseniasklarova"/>
    <property name="user.language" value="ru"/>
    <property name="java.specification.vendor" value="Oracle Corporation"/>
    <property name="java.version.date" value="2023-10-17"/>
    <property name="java.home" value="/Users/kseniasklarova/jdk-21.0.1.jdk/Contents/Home"/>
    <property name="file.separator" value="/"/>
    <property name="basedir" value="/Users/kseniasklarova/lab3j"/>
    <property name="java.vm.compressedOopsMode" value="Zero based"/>
    <property name="line.separator" value="&#10;"/>
    <property name="java.vm.specification.vendor" value="Oracle Corporation"/>
    <property name="java.specification.name" value="Java Platform API Specification"/>
    <property name="apple.awt.application.name" value="ForkedBooter"/>
    <property name="surefire.real.class.path" value="/Users/kseniasklarova/lab3j/target/surefire/surefirebooter-20250102175424756_3.jar"/>
    <property name="sun.management.compiler" value="HotSpot 64-Bit Tiered Compilers"/>
    <property name="ftp.nonProxyHosts" value="local|*.local|169.254/16|*.169.254/16"/>
    <property name="java.runtime.version" value="21.0.1+12-29"/>
    <property name="user.name" value="kseniasklarova"/>
    <property name="stdout.encoding" value="UTF-8"/>
    <property name="path.separator" value=":"/>
    <property name="os.version" value="14.0"/>
    <property name="java.runtime.name" value="OpenJDK Runtime Environment"/>
    <property name="file.encoding" value="UTF-8"/>
    <property name="java.vm.name" value="OpenJDK 64-Bit Server VM"/>
    <property name="localRepository" value="/Users/kseniasklarova/.m2/repository"/>
    <property name="java.vendor.url.bug" value="https://bugreport.java.com/bugreport/"/>
    <property name="java.io.tmpdir" value="/var/folders/86/v97stsgs19g7nwt__x5q1fsw0000gn/T/"/>
    <property name="java.version" value="21.0.1"/>
    <property name="user.dir" value="/Users/kseniasklarova/lab3j"/>
    <property name="os.arch" value="aarch64"/>
    <property name="java.vm.specification.name" value="Java Virtual Machine Specification"/>
    <property name="native.encoding" value="UTF-8"/>
    <property name="java.library.path" value="/Users/kseniasklarova/Library/Java/Extensions:/Library/Java/Extensions:/Network/Library/Java/Extensions:/System/Library/Java/Extensions:/usr/lib/java:."/>
    <property name="java.vm.info" value="mixed mode, sharing"/>
    <property name="stderr.encoding" value="UTF-8"/>
    <property name="java.vendor" value="Oracle Corporation"/>
    <property name="java.vm.version" value="21.0.1+12-29"/>
    <property name="sun.io.unicode.encoding" value="UnicodeBig"/>
    <property name="socksNonProxyHosts" value="local|*.local|169.254/16|*.169.254/16"/>
    <property name="java.class.version" value="65.0"/>
  </properties>
  <testcase name="testTrafficLightSwitching" classname="ru.spbstu.telematics.java.MainTest" time="13.83">
    <system-out><![CDATA[Car from N to S is arriving
Car from W to E is arriving
Car from S to W is arriving
Car from N to S is waiting
Car from W to E is arriving
Car from N to S is arriving
Car from N to S is arriving
Car from S to W is arriving
Car from N to S is waiting
Car from S to W is arriving
Car from W to E is arriving
Car from S to W is arriving
Car from S to W is waiting
Car from W to E is waiting
Car from S to W is waiting
Car from W to E is waiting
Car from N to S is waiting
Car from S to W is waiting
Car from S to W is waiting
Car from W to E is waiting
Traffic light was changed to green for cars from N
Car from N to S left
Car from W to E is arriving
Car from W to E is waiting
Car from N to S left
Car from N to S is arriving
Car from N to S left
Car from N to S is waiting
Car from S to W is arriving
Car from S to W is waiting
Traffic light was changed to green for cars from N
Car from N to S left
Car from W to E is arriving
Car from W to E is waiting
Traffic light was changed to green for cars from S
Car from S to W left
Car from N to S is arriving
Car from S to W left
Car from S to W is arriving
Car from S to W left
Car from S to W left
Car from W to E is arriving
Car from W to E is waiting
Car from N to S is arriving
Car from N to S is waiting
Car from S to W left
Car from N to S is waiting
Car from S to W is arriving
Car from S to W is waiting
Car from S to W is waiting
Traffic light was changed to green for cars from N
Car from N to S left
Car from W to E is arriving
Car from W to E is waiting
Car from N to S left
Traffic light was changed to green for cars from S
Car from S to W left
Car from S to W left
Traffic light was changed to green for cars from W
Car from W to E left
Car from W to E left
Car from W to E left
Car from W to E left
Car from W to E left
Car from W to E left
Car from W to E left
]]></system-out>
  </testcase>
  <testcase name="testNoDeadlock" classname="ru.spbstu.telematics.java.MainTest" time="5.011">
    <system-out><![CDATA[Car from S to W is arriving
Car from W to E is arriving
Car from S to W is waiting
Car from W to E is waiting
Car from N to S is arriving
Car from N to S is waiting
Car from S to W is arriving
Car from S to W is waiting
Car from W to E is arriving
Car from W to E is waiting
Car from N to S is arriving
Car from N to S is waiting
Car from W to E is arriving
Car from S to W is arriving
Car from N to S is arriving
Car from W to E is waiting
Car from S to W is waiting
Car from S to W is arriving
Car from N to S is waiting
Car from S to W is waiting
]]></system-out>
  </testcase>
  <testcase name="testNoRaceConditions" classname="ru.spbstu.telematics.java.MainTest" time="16.075">
    <system-out><![CDATA[Car from S to W is arriving
Car from S to W is waiting
Car from N to S is arriving
Car from N to S is waiting
Car from S to W is arriving
Car from S to W is waiting
Car from W to E is arriving
Car from W to E is waiting
Traffic light was changed to green for cars from N
Car from N to S left
Car from W to E is arriving
Car from W to E is waiting
Traffic light was changed to green for cars from S
Car from S to W left
Car from N to S is arriving
Car from S to W left
Car from N to S is waiting
Car from S to W is arriving
Car from S to W is waiting
Traffic light was changed to green for cars from N
Car from N to S left
Car from W to E is arriving
Car from W to E is waiting
Traffic light was changed to green for cars from S
Car from S to W left
Car from N to S is arriving
Car from N to S is waiting
Traffic light was changed to green for cars from N
Car from N to S left
Car from S to W is arriving
Car from S to W is waiting
Traffic light was changed to green for cars from S
Car from S to W left
Traffic light was changed to green for cars from W
Car from W to E left
Car from W to E left
Car from W to E left
]]></system-out>
  </testcase>
</testsuite>